<?xml version="1.0" encoding="UTF-8"?>
<testng-results skipped="0" failed="0" ignored="0" total="2" passed="2">
  <reporter-output>
  </reporter-output>
  <suite name="Suite" duration-ms="44089" started-at="2019-10-13T05:56:16Z" finished-at="2019-10-13T05:57:00Z">
    <groups>
    </groups>
    <test name="Test" duration-ms="44089" started-at="2019-10-13T05:56:16Z" finished-at="2019-10-13T05:57:00Z">
      <class name="addressbook.adbk1.NewTest">
        <test-method status="PASS" signature="startBrowser()[pri:0, instance:addressbook.adbk1.NewTest@13fee20c]" name="startBrowser" is-config="true" duration-ms="17725" started-at="2019-10-13T05:56:16Z" finished-at="2019-10-13T05:56:34Z">
          <reporter-output>
          </reporter-output>
        </test-method> <!-- startBrowser -->
        <test-method status="PASS" signature="addAddree()[pri:0, instance:addressbook.adbk1.NewTest@13fee20c]" name="addAddree" duration-ms="2354" started-at="2019-10-13T05:56:34Z" finished-at="2019-10-13T05:56:36Z">
          <reporter-output>
          </reporter-output>
        </test-method> <!-- addAddree -->
        <test-method status="PASS" signature="close()[pri:0, instance:addressbook.adbk1.NewTest@13fee20c]" name="close" is-config="true" duration-ms="4723" started-at="2019-10-13T05:56:36Z" finished-at="2019-10-13T05:56:41Z">
          <reporter-output>
          </reporter-output>
        </test-method> <!-- close -->
        <test-method status="PASS" signature="startBrowser()[pri:0, instance:addressbook.adbk1.NewTest@13fee20c]" name="startBrowser" is-config="true" duration-ms="12445" started-at="2019-10-13T05:56:41Z" finished-at="2019-10-13T05:56:54Z">
          <reporter-output>
          </reporter-output>
        </test-method> <!-- startBrowser -->
        <test-method status="PASS" signature="addAddree1()[pri:0, instance:addressbook.adbk1.NewTest@13fee20c]" name="addAddree1" duration-ms="1993" started-at="2019-10-13T05:56:54Z" finished-at="2019-10-13T05:56:56Z">
          <reporter-output>
          </reporter-output>
        </test-method> <!-- addAddree1 -->
        <test-method status="PASS" signature="close()[pri:0, instance:addressbook.adbk1.NewTest@13fee20c]" name="close" is-config="true" duration-ms="4822" started-at="2019-10-13T05:56:56Z" finished-at="2019-10-13T05:57:00Z">
          <reporter-output>
          </reporter-output>
        </test-method> <!-- close -->
      </class> <!-- addressbook.adbk1.NewTest -->
    </test> <!-- Test -->
  </suite> <!-- Suite -->
</testng-results>
